This is pdfTeX, Version 3.14159265-2.6-1.40.20 (TeX Live 2019/Debian) (preloaded format=pdflatex 2020.11.2)  2 NOV 2020 23:46
entering extended mode
 restricted \write18 enabled.
 %&-line parsing enabled.
**Tarea_1.tex
(./Tarea_1.tex
LaTeX2e <2020-02-02> patch level 2
L3 programming layer <2020-02-14>
(/usr/share/texlive/texmf-dist/tex/latex/base/article.cls
Document Class: article 2019/12/20 v1.4l Standard LaTeX document class
(/usr/share/texlive/texmf-dist/tex/latex/base/size10.clo
File: size10.clo 2019/12/20 v1.4l Standard LaTeX file (size option)
)
\c@part=\count167
\c@section=\count168
\c@subsection=\count169
\c@subsubsection=\count170
\c@paragraph=\count171
\c@subparagraph=\count172
\c@figure=\count173
\c@table=\count174
\abovecaptionskip=\skip47
\belowcaptionskip=\skip48
\bibindent=\dimen134
)
(/usr/share/texlive/texmf-dist/tex/latex/graphics/graphicx.sty
Package: graphicx 2019/11/30 v1.2a Enhanced LaTeX Graphics (DPC,SPQR)

(/usr/share/texlive/texmf-dist/tex/latex/graphics/keyval.sty
Package: keyval 2014/10/28 v1.15 key=value parser (DPC)
\KV@toks@=\toks14
)
(/usr/share/texlive/texmf-dist/tex/latex/graphics/graphics.sty
Package: graphics 2019/11/30 v1.4a Standard LaTeX Graphics (DPC,SPQR)

(/usr/share/texlive/texmf-dist/tex/latex/graphics/trig.sty
Package: trig 2016/01/03 v1.10 sin cos tan (DPC)
)
(/usr/share/texlive/texmf-dist/tex/latex/graphics-cfg/graphics.cfg
File: graphics.cfg 2016/06/04 v1.11 sample graphics configuration
)
Package graphics Info: Driver file: pdftex.def on input line 105.

(/usr/share/texlive/texmf-dist/tex/latex/graphics-def/pdftex.def
File: pdftex.def 2018/01/08 v1.0l Graphics/color driver for pdftex
))
\Gin@req@height=\dimen135
\Gin@req@width=\dimen136
)
(/usr/share/texlive/texmf-dist/tex/latex/l3backend/l3backend-pdfmode.def
File: l3backend-pdfmode.def 2020-02-03 L3 backend support: PDF mode
\l__kernel_color_stack_int=\count175
\l__pdf_internal_box=\box45
)
(./Tarea_1.aux)
\openout1 = `Tarea_1.aux'.

LaTeX Font Info:    Checking defaults for OML/cmm/m/it on input line 3.
LaTeX Font Info:    ... okay on input line 3.
LaTeX Font Info:    Checking defaults for OMS/cmsy/m/n on input line 3.
LaTeX Font Info:    ... okay on input line 3.
LaTeX Font Info:    Checking defaults for OT1/cmr/m/n on input line 3.
LaTeX Font Info:    ... okay on input line 3.
LaTeX Font Info:    Checking defaults for T1/cmr/m/n on input line 3.
LaTeX Font Info:    ... okay on input line 3.
LaTeX Font Info:    Checking defaults for TS1/cmr/m/n on input line 3.
LaTeX Font Info:    ... okay on input line 3.
LaTeX Font Info:    Checking defaults for OMX/cmex/m/n on input line 3.
LaTeX Font Info:    ... okay on input line 3.
LaTeX Font Info:    Checking defaults for U/cmr/m/n on input line 3.
LaTeX Font Info:    ... okay on input line 3.

(/usr/share/texlive/texmf-dist/tex/context/base/mkii/supp-pdf.mkii
[Loading MPS to PDF converter (version 2006.09.02).]
\scratchcounter=\count176
\scratchdimen=\dimen137
\scratchbox=\box46
\nofMPsegments=\count177
\nofMParguments=\count178
\everyMPshowfont=\toks15
\MPscratchCnt=\count179
\MPscratchDim=\dimen138
\MPnumerator=\count180
\makeMPintoPDFobject=\count181
\everyMPtoPDFconversion=\toks16
) (/usr/share/texlive/texmf-dist/tex/latex/epstopdf-pkg/epstopdf-base.sty
Package: epstopdf-base 2020-01-24 v2.11 Base part for package epstopdf
Package epstopdf-base Info: Redefining graphics rule for `.eps' on input line 4
85.

(/usr/share/texlive/texmf-dist/tex/latex/latexconfig/epstopdf-sys.cfg
File: epstopdf-sys.cfg 2010/07/13 v1.3 Configuration of (r)epstopdf for TeX Liv
e
))
[1

{/var/lib/texmf/fonts/map/pdftex/updmap/pdftex.map}] (./Tarea_1.toc
LaTeX Font Info:    External font `cmex10' loaded for size
(Font)              <7> on input line 3.
LaTeX Font Info:    External font `cmex10' loaded for size
(Font)              <5> on input line 3.
)
\tf@toc=\write3
\openout3 = `Tarea_1.toc'.

 [1]
</home/diego/Imágenes/Tarea1/Java_cmd.png, id=15, 275.0275pt x 26.0975pt>
File: /home/diego/Imágenes/Tarea1/Java_cmd.png Graphic file (type png)
<use /home/diego/Imágenes/Tarea1/Java_cmd.png>
Package pdftex.def Info: /home/diego/Imágenes/Tarea1/Java_cmd.png  used on inp
ut line 40.
(pdftex.def)             Requested size: 137.51341pt x 13.0487pt.
</home/diego/Imágenes/Tarea1/curl_cmd.png, id=16, 208.78pt x 29.10875pt>
File: /home/diego/Imágenes/Tarea1/curl_cmd.png Graphic file (type png)
<use /home/diego/Imágenes/Tarea1/curl_cmd.png>
Package pdftex.def Info: /home/diego/Imágenes/Tarea1/curl_cmd.png  used on inp
ut line 48.
(pdftex.def)             Requested size: 104.38972pt x 14.55434pt.

[2 </home/diego/Imágenes/Tarea1/Java_cmd.png>]
</home/diego/Imágenes/Tarea1/tmp_cmd.png, id=20, 96.36pt x 18.0675pt>
File: /home/diego/Imágenes/Tarea1/tmp_cmd.png Graphic file (type png)
<use /home/diego/Imágenes/Tarea1/tmp_cmd.png>
Package pdftex.def Info: /home/diego/Imágenes/Tarea1/tmp_cmd.png  used on inpu
t line 56.
(pdftex.def)             Requested size: 48.17987pt x 9.03372pt.
</home/diego/Imágenes/Tarea1/descarga_cmd.png, id=21, 851.18pt x 18.0675pt>
File: /home/diego/Imágenes/Tarea1/descarga_cmd.png Graphic file (type png)
<use /home/diego/Imágenes/Tarea1/descarga_cmd.png>
Package pdftex.def Info: /home/diego/Imágenes/Tarea1/descarga_cmd.png  used on
 input line 63.
(pdftex.def)             Requested size: 255.35596pt x 5.42029pt.
 [3 </home/diego/Imágenes/Tarea1/curl_cmd.png> </home/diego/Imágenes/Tarea1/t
mp_cmd.png> </home/diego/Imágenes/Tarea1/descarga_cmd.png>]
</home/diego/Imágenes/Tarea1/directorio_cmd.png, id=25, 215.80624pt x 16.06pt>

File: /home/diego/Imágenes/Tarea1/directorio_cmd.png Graphic file (type png)
<use /home/diego/Imágenes/Tarea1/directorio_cmd.png>
Package pdftex.def Info: /home/diego/Imágenes/Tarea1/directorio_cmd.png  used 
on input line 71.
(pdftex.def)             Requested size: 107.90285pt x 8.02997pt.
</home/diego/Imágenes/Tarea1/instalacion_cmd.png, id=26, 663.47874pt x 24.09pt
>
File: /home/diego/Imágenes/Tarea1/instalacion_cmd.png Graphic file (type png)
<use /home/diego/Imágenes/Tarea1/instalacion_cmd.png>
Package pdftex.def Info: /home/diego/Imágenes/Tarea1/instalacion_cmd.png  used
 on input line 77.
(pdftex.def)             Requested size: 331.73856pt x 12.04495pt.
</home/diego/Imágenes/Tarea1/permisos_cmd.png, id=27, 188.705pt x 44.165pt>
File: /home/diego/Imágenes/Tarea1/permisos_cmd.png Graphic file (type png)
<use /home/diego/Imágenes/Tarea1/permisos_cmd.png>
Package pdftex.def Info: /home/diego/Imágenes/Tarea1/permisos_cmd.png  used on
 input line 84.
(pdftex.def)             Requested size: 94.35226pt x 22.08243pt.
 [4 </home/diego/Imágenes/Tarea1/directorio_cmd.png> </home/diego/Imágenes/Ta
rea1/instalacion_cmd.png> </home/diego/Imágenes/Tarea1/permisos_cmd.png>]
</home/diego/Imágenes/Tarea1/servicio_cmd.png, id=31, 416.55624pt x 26.0975pt>

File: /home/diego/Imágenes/Tarea1/servicio_cmd.png Graphic file (type png)
<use /home/diego/Imágenes/Tarea1/servicio_cmd.png>
Package pdftex.def Info: /home/diego/Imágenes/Tarea1/servicio_cmd.png  used on
 input line 93.
(pdftex.def)             Requested size: 208.2776pt x 13.0487pt.
</home/diego/Imágenes/Tarea1/servicio_texto.png, id=32, 809.0225pt x 460.72125
pt>
File: /home/diego/Imágenes/Tarea1/servicio_texto.png Graphic file (type png)
<use /home/diego/Imágenes/Tarea1/servicio_texto.png>
Package pdftex.def Info: /home/diego/Imágenes/Tarea1/servicio_texto.png  used 
on input line 99.
(pdftex.def)             Requested size: 242.70862pt x 138.21744pt.
</home/diego/Imágenes/Tarea1/daemonr_cmd.png, id=33, 274.02374pt x 24.09pt>
File: /home/diego/Imágenes/Tarea1/daemonr_cmd.png Graphic file (type png)
<use /home/diego/Imágenes/Tarea1/daemonr_cmd.png>
Package pdftex.def Info: /home/diego/Imágenes/Tarea1/daemonr_cmd.png  used on 
input line 105.
(pdftex.def)             Requested size: 137.01154pt x 12.04495pt.
 [5 </home/diego/Imágenes/Tarea1/servicio_cmd.png> </home/diego/Imágenes/Tare
a1/servicio_texto.png> </home/diego/Imágenes/Tarea1/daemonr_cmd.png>]
</home/diego/Imágenes/Tarea1/tomcats_cmd.png, id=37, 265.99374pt x 19.07124pt>

File: /home/diego/Imágenes/Tarea1/tomcats_cmd.png Graphic file (type png)
<use /home/diego/Imágenes/Tarea1/tomcats_cmd.png>
Package pdftex.def Info: /home/diego/Imágenes/Tarea1/tomcats_cmd.png  used on 
input line 112.
(pdftex.def)             Requested size: 132.99654pt x 9.53558pt.
</home/diego/Imágenes/Tarea1/status_cmd.png, id=38, 280.04625pt x 16.06pt>
File: /home/diego/Imágenes/Tarea1/status_cmd.png Graphic file (type png)
<use /home/diego/Imágenes/Tarea1/status_cmd.png>
Package pdftex.def Info: /home/diego/Imágenes/Tarea1/status_cmd.png  used on i
nput line 118.
(pdftex.def)             Requested size: 140.02277pt x 8.02997pt.
</home/diego/Imágenes/Tarea1/activet_cmd.png, id=39, 699.61375pt x 234.8775pt>

File: /home/diego/Imágenes/Tarea1/activet_cmd.png Graphic file (type png)
<use /home/diego/Imágenes/Tarea1/activet_cmd.png>
Package pdftex.def Info: /home/diego/Imágenes/Tarea1/activet_cmd.png  used on 
input line 124.
(pdftex.def)             Requested size: 349.80602pt x 117.43846pt.

Overfull \hbox (4.80602pt too wide) in paragraph at lines 124--125
 [][] 
 []

[6 </home/diego/Imágenes/Tarea1/tomcats_cmd.png> </home/diego/Imágenes/Tarea1
/status_cmd.png> </home/diego/Imágenes/Tarea1/activet_cmd.png>]
</home/diego/Imágenes/Tarea1/ufw_cmd.png, id=44, 191.71625pt x 20.075pt>
File: /home/diego/Imágenes/Tarea1/ufw_cmd.png Graphic file (type png)
<use /home/diego/Imágenes/Tarea1/ufw_cmd.png>
Package pdftex.def Info: /home/diego/Imágenes/Tarea1/ufw_cmd.png  used on inpu
t line 133.
(pdftex.def)             Requested size: 95.85788pt x 10.03746pt.
</home/diego/Imágenes/Tarea1/tomcatB.png, id=45, 1214.5375pt x 937.5025pt>
File: /home/diego/Imágenes/Tarea1/tomcatB.png Graphic file (type png)
<use /home/diego/Imágenes/Tarea1/tomcatB.png>
Package pdftex.def Info: /home/diego/Imágenes/Tarea1/tomcatB.png  used on inpu
t line 139.
(pdftex.def)             Requested size: 364.36406pt x 281.25291pt.

Overfull \hbox (19.36406pt too wide) in paragraph at lines 139--140
 [][] 
 []

[7 </home/diego/Imágenes/Tarea1/ufw_cmd.png> </home/diego/Imágenes/Tarea1/tom
catB.png>]
</home/diego/Imágenes/Tarea1/tomcatU.png, id=49, 750.805pt x 418.56375pt>
File: /home/diego/Imágenes/Tarea1/tomcatU.png Graphic file (type png)
<use /home/diego/Imágenes/Tarea1/tomcatU.png>
Package pdftex.def Info: /home/diego/Imágenes/Tarea1/tomcatU.png  used on inpu
t line 147.
(pdftex.def)             Requested size: 225.24323pt x 125.57008pt.
 [8 </home/diego/Imágenes/Tarea1/tomcatU.png>] (./Tarea_1.aux) ) 
Here is how much of TeX's memory you used:
 1257 strings out of 483183
 20976 string characters out of 5966292
 245490 words of memory out of 5000000
 16295 multiletter control sequences out of 15000+600000
 535759 words of font info for 35 fonts, out of 8000000 for 9000
 14 hyphenation exceptions out of 8191
 30i,7n,25p,400b,214s stack positions out of 5000i,500n,10000p,200000b,80000s
</usr/share/te
xlive/texmf-dist/fonts/type1/public/amsfonts/cm/cmbx10.pfb></usr/share/texlive/
texmf-dist/fonts/type1/public/amsfonts/cm/cmbx12.pfb></usr/share/texlive/texmf-
dist/fonts/type1/public/amsfonts/cm/cmcsc10.pfb></usr/share/texlive/texmf-dist/
fonts/type1/public/amsfonts/cm/cmr10.pfb></usr/share/texlive/texmf-dist/fonts/t
ype1/public/amsfonts/cm/cmr12.pfb></usr/share/texlive/texmf-dist/fonts/type1/pu
blic/amsfonts/cm/cmti12.pfb>
Output written on Tarea_1.pdf (9 pages, 434467 bytes).
PDF statistics:
 74 PDF objects out of 1000 (max. 8388607)
 40 compressed objects within 1 object stream
 0 named destinations out of 1000 (max. 500000)
 81 words of extra memory for PDF output out of 10000 (max. 10000000)

