This is pdfTeX, Version 3.14159265-2.6-1.40.20 (TeX Live 2019/Debian) (preloaded format=pdflatex 2020.11.2)  3 NOV 2020 21:13
entering extended mode
 restricted \write18 enabled.
 %&-line parsing enabled.
**template_Reporte.tex
(./template_Reporte.tex
LaTeX2e <2020-02-02> patch level 2
L3 programming layer <2020-02-14>
(/usr/share/texlive/texmf-dist/tex/latex/base/article.cls
Document Class: article 2019/12/20 v1.4l Standard LaTeX document class
(/usr/share/texlive/texmf-dist/tex/latex/base/size10.clo
File: size10.clo 2019/12/20 v1.4l Standard LaTeX file (size option)
)
\c@part=\count167
\c@section=\count168
\c@subsection=\count169
\c@subsubsection=\count170
\c@paragraph=\count171
\c@subparagraph=\count172
\c@figure=\count173
\c@table=\count174
\abovecaptionskip=\skip47
\belowcaptionskip=\skip48
\bibindent=\dimen134
)
(/usr/share/texlive/texmf-dist/tex/latex/graphics/graphicx.sty
Package: graphicx 2019/11/30 v1.2a Enhanced LaTeX Graphics (DPC,SPQR)

(/usr/share/texlive/texmf-dist/tex/latex/graphics/keyval.sty
Package: keyval 2014/10/28 v1.15 key=value parser (DPC)
\KV@toks@=\toks14
)
(/usr/share/texlive/texmf-dist/tex/latex/graphics/graphics.sty
Package: graphics 2019/11/30 v1.4a Standard LaTeX Graphics (DPC,SPQR)

(/usr/share/texlive/texmf-dist/tex/latex/graphics/trig.sty
Package: trig 2016/01/03 v1.10 sin cos tan (DPC)
)
(/usr/share/texlive/texmf-dist/tex/latex/graphics-cfg/graphics.cfg
File: graphics.cfg 2016/06/04 v1.11 sample graphics configuration
)
Package graphics Info: Driver file: pdftex.def on input line 105.

(/usr/share/texlive/texmf-dist/tex/latex/graphics-def/pdftex.def
File: pdftex.def 2018/01/08 v1.0l Graphics/color driver for pdftex
))
\Gin@req@height=\dimen135
\Gin@req@width=\dimen136
)
(/usr/share/texlive/texmf-dist/tex/latex/l3backend/l3backend-pdfmode.def
File: l3backend-pdfmode.def 2020-02-03 L3 backend support: PDF mode
\l__kernel_color_stack_int=\count175
\l__pdf_internal_box=\box45
)
(./template_Reporte.aux)
\openout1 = `template_Reporte.aux'.

LaTeX Font Info:    Checking defaults for OML/cmm/m/it on input line 3.
LaTeX Font Info:    ... okay on input line 3.
LaTeX Font Info:    Checking defaults for OMS/cmsy/m/n on input line 3.
LaTeX Font Info:    ... okay on input line 3.
LaTeX Font Info:    Checking defaults for OT1/cmr/m/n on input line 3.
LaTeX Font Info:    ... okay on input line 3.
LaTeX Font Info:    Checking defaults for T1/cmr/m/n on input line 3.
LaTeX Font Info:    ... okay on input line 3.
LaTeX Font Info:    Checking defaults for TS1/cmr/m/n on input line 3.
LaTeX Font Info:    ... okay on input line 3.
LaTeX Font Info:    Checking defaults for OMX/cmex/m/n on input line 3.
LaTeX Font Info:    ... okay on input line 3.
LaTeX Font Info:    Checking defaults for U/cmr/m/n on input line 3.
LaTeX Font Info:    ... okay on input line 3.

(/usr/share/texlive/texmf-dist/tex/context/base/mkii/supp-pdf.mkii
[Loading MPS to PDF converter (version 2006.09.02).]
\scratchcounter=\count176
\scratchdimen=\dimen137
\scratchbox=\box46
\nofMPsegments=\count177
\nofMParguments=\count178
\everyMPshowfont=\toks15
\MPscratchCnt=\count179
\MPscratchDim=\dimen138
\MPnumerator=\count180
\makeMPintoPDFobject=\count181
\everyMPtoPDFconversion=\toks16
) (/usr/share/texlive/texmf-dist/tex/latex/epstopdf-pkg/epstopdf-base.sty
Package: epstopdf-base 2020-01-24 v2.11 Base part for package epstopdf
Package epstopdf-base Info: Redefining graphics rule for `.eps' on input line 4
85.

(/usr/share/texlive/texmf-dist/tex/latex/latexconfig/epstopdf-sys.cfg
File: epstopdf-sys.cfg 2010/07/13 v1.3 Configuration of (r)epstopdf for TeX Liv
e
))
[1

{/var/lib/texmf/fonts/map/pdftex/updmap/pdftex.map}] (./template_Reporte.toc
LaTeX Font Info:    External font `cmex10' loaded for size
(Font)              <7> on input line 3.
LaTeX Font Info:    External font `cmex10' loaded for size
(Font)              <5> on input line 3.
)
\tf@toc=\write3
\openout3 = `template_Reporte.toc'.

[1] [2]
</home/diego/Imágenes/Actividad2/registro.png, id=19, 817.0525pt x 866.23625pt
>
File: /home/diego/Imágenes/Actividad2/registro.png Graphic file (type png)
<use /home/diego/Imágenes/Actividad2/registro.png>
Package pdftex.def Info: /home/diego/Imágenes/Actividad2/registro.png  used on
 input line 51.
(pdftex.def)             Requested size: 245.11765pt x 259.87288pt.
 [3 </home/diego/Imágenes/Actividad2/registro.png>]
</home/diego/Imágenes/Actividad2/confirmacion.png, id=23, 531.9875pt x 441.65p
t>
File: /home/diego/Imágenes/Actividad2/confirmacion.png Graphic file (type png)

<use /home/diego/Imágenes/Actividad2/confirmacion.png>
Package pdftex.def Info: /home/diego/Imágenes/Actividad2/confirmacion.png  use
d on input line 59.
(pdftex.def)             Requested size: 212.79123pt x 176.65686pt.
</home/diego/Imágenes/Actividad2/pws_conf.png, id=24, 593.21625pt x 662.475pt>

File: /home/diego/Imágenes/Actividad2/pws_conf.png Graphic file (type png)
<use /home/diego/Imágenes/Actividad2/pws_conf.png>
Package pdftex.def Info: /home/diego/Imágenes/Actividad2/pws_conf.png  used on
 input line 66.
(pdftex.def)             Requested size: 237.28229pt x 264.9853pt.


LaTeX Warning: `h' float specifier changed to `ht'.

[4 </home/diego/Imágenes/Actividad2/confirmacion.png>]
</home/diego/Imágenes/Actividad2/bienvenida.png, id=28, 1749.53625pt x 869.247
5pt>
File: /home/diego/Imágenes/Actividad2/bienvenida.png Graphic file (type png)
<use /home/diego/Imágenes/Actividad2/bienvenida.png>
Package pdftex.def Info: /home/diego/Imágenes/Actividad2/bienvenida.png  used 
on input line 74.
(pdftex.def)             Requested size: 174.96387pt x 86.92984pt.

Overfull \hbox (17.25069pt too wide) in paragraph at lines 81--82
\OT1/cmr/m/n/10 https://estebanromero.com/herramientas-emprender-desarrollar-pr
oyectos/heroku-
 []

[5 </home/diego/Imágenes/Actividad2/pws_conf.png> </home/diego/Imágenes/Activ
idad2/bienvenida.png>] [6] (./template_Reporte.aux) ) 
Here is how much of TeX's memory you used:
 1187 strings out of 483183
 18181 string characters out of 5966292
 245517 words of memory out of 5000000
 16236 multiletter control sequences out of 15000+600000
 536094 words of font info for 36 fonts, out of 8000000 for 9000
 14 hyphenation exceptions out of 8191
 30i,7n,25p,309b,214s stack positions out of 5000i,500n,10000p,200000b,80000s
 </home/diego/.texlive2019
/texmf-var/fonts/pk/ljfour/jknappen/ec/tcrm1000.600pk></usr/share/texlive/texmf
-dist/fonts/type1/public/amsfonts/cm/cmbx10.pfb></usr/share/texlive/texmf-dist/
fonts/type1/public/amsfonts/cm/cmbx12.pfb></usr/share/texlive/texmf-dist/fonts/
type1/public/amsfonts/cm/cmcsc10.pfb></usr/share/texlive/texmf-dist/fonts/type1
/public/amsfonts/cm/cmr10.pfb></usr/share/texlive/texmf-dist/fonts/type1/public
/amsfonts/cm/cmr12.pfb></usr/share/texlive/texmf-dist/fonts/type1/public/amsfon
ts/cm/cmti12.pfb>
Output written on template_Reporte.pdf (7 pages, 326098 bytes).
PDF statistics:
 61 PDF objects out of 1000 (max. 8388607)
 40 compressed objects within 1 object stream
 0 named destinations out of 1000 (max. 500000)
 21 words of extra memory for PDF output out of 10000 (max. 10000000)

